<?xml version="1.0" encoding="UTF-8"?>
<testsuite name="DivisionTests" tests="1" skipped="0" failures="0" errors="0" timestamp="2019-04-03T20:58:36" hostname="LAPTOP-2RBK8CR1" time="0.002">
  <properties/>
  <testcase name="should_divide" classname="DivisionTests" time="0.002"/>
  <system-out><![CDATA[]]></system-out>
  <system-err><![CDATA[]]></system-err>
</testsuite>
