<?xml version="1.0" encoding="UTF-8"?>
<testsuite name="SoustractionTests" tests="1" skipped="0" failures="0" errors="0" timestamp="2019-04-04T13:44:50" hostname="LAPTOP-2RBK8CR1" time="0.001">
  <properties/>
  <testcase name="should_soustract_two_Integer" classname="SoustractionTests" time="0.001"/>
  <system-out><![CDATA[]]></system-out>
  <system-err><![CDATA[]]></system-err>
</testsuite>
