<?xml version="1.0" encoding="UTF-8"?>
<testsuite name="MultiplicationTests" tests="15" skipped="0" failures="0" errors="0" timestamp="2019-04-03T20:58:36" hostname="LAPTOP-2RBK8CR1" time="0.004">
  <properties/>
  <testcase name="testMultiplicationNegativBoth" classname="MultiplicationTests" time="0.001"/>
  <testcase name="testMultiplicationIntMaxAB0" classname="MultiplicationTests" time="0.0"/>
  <testcase name="testMultiplicationIntMinAB0" classname="MultiplicationTests" time="0.0"/>
  <testcase name="testMultiplicationNegativAIntMaxB" classname="MultiplicationTests" time="0.0"/>
  <testcase name="testMultiplicationNegativAIntMinB" classname="MultiplicationTests" time="0.0"/>
  <testcase name="testMultiplicationNegativAB0" classname="MultiplicationTests" time="0.0"/>
  <testcase name="testMultiplicationANegatif" classname="MultiplicationTests" time="0.0"/>
  <testcase name="testIsExistMethod" classname="MultiplicationTests" time="0.0"/>
  <testcase name="testMultiplicationBNegatif" classname="MultiplicationTests" time="0.0"/>
  <testcase name="testMultiplication23" classname="MultiplicationTests" time="0.0"/>
  <testcase name="testMultiplicationA0" classname="MultiplicationTests" time="0.0"/>
  <testcase name="testMultiplicationB0" classname="MultiplicationTests" time="0.0"/>
  <testcase name="testMultiplicationIntMaxBoth" classname="MultiplicationTests" time="0.0"/>
  <testcase name="testMultiplicationA0NegativB" classname="MultiplicationTests" time="0.0"/>
  <testcase name="testMultiplicationIntMinBoth" classname="MultiplicationTests" time="0.0"/>
  <system-out><![CDATA[]]></system-out>
  <system-err><![CDATA[]]></system-err>
</testsuite>
